================================================================================
Ensemble Methods vs Trained CellTypist
================================================================================

Loading data...

================================================================================
Cross-Platform: van_galen (Seq-Well) → beneyto (10X Genomics)
================================================================================
  Reference: 15,000 cells
  Query:     15,000 cells

  [Baseline-CellTypist]... ✓ Acc: 0.904, ARI: 0.843

  Computing SCimilarity embeddings...

  Individual Classifiers:
    [knn]... ✓ Acc: 0.911
    [logreg]... ✓ Acc: 0.910
    [rf]... ✓ Acc: 0.893
    [mlp]... ✓ Acc: 0.893
  [Ensemble-SoftVoting]... ✓ Acc: 0.912

================================================================================
FINAL RESULTS
================================================================================

Cross-Platform: van_galen (Seq-Well) → beneyto (10X Genomics):
             method  accuracy      ari
Ensemble-SoftVoting  0.912467 0.866836
     Individual-knn  0.911333 0.864798
  Individual-logreg  0.910133 0.868717
Baseline-CellTypist  0.904333 0.843239
      Individual-rf  0.892600 0.842716
     Individual-mlp  0.892533 0.821274

✓ Results saved to: /home/daniilf/aml-batch-correction/experiments/paper/results/ensemble_results_with_celltypist.csv
