================================================================================
Ensemble Methods vs Trained CellTypist
================================================================================

Loading data...

================================================================================
Same-Platform: beneyto (10X Genomics) → Zheng (10X Genomics)
================================================================================
  Reference: 15,000 cells
  Query:     15,000 cells

  [Baseline-CellTypist]... ✓ Acc: 0.848, ARI: 0.768

  Computing SCimilarity embeddings...

  Individual Classifiers:
    [knn]... ✓ Acc: 0.833
    [logreg]... ✓ Acc: 0.827
    [rf]... ✓ Acc: 0.815
    [mlp]... ✓ Acc: 0.866
  [Ensemble-SoftVoting]... ✓ Acc: 0.858

================================================================================
Cross-Platform: Zhai (SORT-seq) → Zheng (10X Genomics)
================================================================================
  Reference: 2,046 cells
  Query:     15,000 cells

  [Baseline-CellTypist]... ✓ Acc: 0.466, ARI: 0.139

  Computing SCimilarity embeddings...

  Individual Classifiers:
    [knn]... ✓ Acc: 0.376
    [logreg]... ✓ Acc: 0.376
    [rf]... ✓ Acc: 0.486
    [mlp]... ✓ Acc: 0.498
  [Ensemble-SoftVoting]... ✓ Acc: 0.376

================================================================================
Cross-Platform: van_galen (Seq-Well) → velten_2021 (Muta-Seq)
================================================================================
  Reference: 15,000 cells
  Query:     4,191 cells

  [Baseline-CellTypist]... ✓ Acc: 0.840, ARI: 0.718

  Computing SCimilarity embeddings...

  Individual Classifiers:
    [knn]... ✓ Acc: 0.814
    [logreg]... ✓ Acc: 0.850
    [rf]... ✓ Acc: 0.786
    [mlp]... ✓ Acc: 0.851
  [Ensemble-SoftVoting]... ✓ Acc: 0.852

================================================================================
FINAL RESULTS
================================================================================

Same-Platform: beneyto (10X Genomics) → Zheng (10X Genomics):
             method  accuracy      ari
     Individual-mlp  0.866267 0.779987
Ensemble-SoftVoting  0.858467 0.772895
Baseline-CellTypist  0.848400 0.768211
     Individual-knn  0.833333 0.756842
  Individual-logreg  0.826533 0.744931
      Individual-rf  0.815133 0.740566

Cross-Platform: Zhai (SORT-seq) → Zheng (10X Genomics):
             method  accuracy      ari
     Individual-mlp  0.498267 0.237819
      Individual-rf  0.486200 0.140695
Baseline-CellTypist  0.466000 0.138819
Ensemble-SoftVoting  0.376333 0.000475
     Individual-knn  0.375800 0.000000
  Individual-logreg  0.375800 0.000000

Cross-Platform: van_galen (Seq-Well) → velten_2021 (Muta-Seq):
             method  accuracy      ari
Ensemble-SoftVoting  0.851825 0.736540
     Individual-mlp  0.850871 0.735300
  Individual-logreg  0.849916 0.732970
Baseline-CellTypist  0.840134 0.717696
     Individual-knn  0.814126 0.662470
      Individual-rf  0.785970 0.618958

✓ Results saved to: /home/daniilf/aml-batch-correction/experiments/paper/results/ensemble_results_with_celltypist.csv
